<?xml version="1.0" encoding="UTF-8"?>
<!-- Generated by org.testng.reporters.JUnitReportReporter -->
<testsuite hostname="DESKTOP-8IK9FNE" failures="0" tests="3" name="test.java.testcases.LoanTest" time="0.012" errors="0" timestamp="12 Jan 2024 11:26:57 GMT" skipped="0">
  <testcase classname="test.java.testcases.LoanTest" name="TC00_PersonalLoanTest" time="0.005"/>
  <testcase classname="test.java.testcases.LoanTest" name="TC02_CarLoanTest" time="0.005"/>
  <testcase classname="test.java.testcases.LoanTest" name="TC01_HomeLoanTest" time="0.002"/>
</testsuite> <!-- test.java.testcases.LoanTest -->
