<?xml version="1.0" encoding="UTF-8"?>
<!-- Generated by org.testng.reporters.JUnitReportReporter -->
<testsuite hostname="DESKTOP-8IK9FNE" failures="0" tests="2" name="test.java.testcases.LoginTest" time="28.144" errors="0" timestamp="12 Jan 2024 11:27:59 GMT" skipped="0">
  <testcase classname="test.java.testcases.LoginTest" name="LoginSuccessTest" time="12.365"/>
  <testcase classname="test.java.testcases.LoginTest" name="LoginFailureTest" time="15.779"/>
</testsuite> <!-- test.java.testcases.LoginTest -->
