<?xml version="1.0" encoding="UTF-8"?>
<!-- Generated by org.testng.reporters.JUnitReportReporter -->
<testsuite hostname="DESKTOP-8IK9FNE" failures="0" tests="2" name="test.java.TestCases.LoginScenarios" time="6.868" errors="0" timestamp="13 Jan 2024 07:07:42 GMT" skipped="0">
  <testcase classname="test.java.TestCases.LoginScenarios" name="LoginFailureTest" time="3.689"/>
  <testcase classname="test.java.TestCases.LoginScenarios" name="LoginSuccessTest" time="3.179"/>
</testsuite> <!-- test.java.TestCases.LoginScenarios -->
