<?xml version="1.0" encoding="UTF-8"?>
<!-- Generated by org.testng.reporters.JUnitReportReporter -->
<testsuite hostname="DESKTOP-8IK9FNE" failures="0" tests="1" name="test.java.TestCases.AddProductToCart" time="3.256" errors="0" timestamp="13 Jan 2024 07:06:23 GMT" skipped="0">
  <testcase classname="test.java.TestCases.AddProductToCart" name="AddGivenProducttoCartbyname" time="3.256"/>
</testsuite> <!-- test.java.TestCases.AddProductToCart -->
